TN:
SF:src/modules/accounts/controllers/userControllers/AuthenticateUserController.ts
FN:7,AuthenticateUserController
FN:9,Object.<anonymous>.AuthenticateUserController.handle
FNF:2
FNH:2
FNDA:1,AuthenticateUserController
FNDA:2,Object.<anonymous>.AuthenticateUserController.handle
DA:1,1
DA:2,1
DA:3,1
DA:4,1
DA:5,1
DA:6,1
DA:7,1
DA:8,1
DA:9,1
DA:10,2
DA:11,2
DA:12,2
DA:13,2
DA:14,2
DA:15,2
DA:16,2
DA:17,2
DA:18,1
DA:19,1
DA:20,1
DA:21,1
LF:21
LH:21
BRDA:7,0,0,1
BRDA:7,1,0,1
BRDA:9,2,0,2
BRF:3
BRH:3
end_of_record
TN:
SF:src/modules/accounts/controllers/userControllers/CreateUserController.ts
FN:7,CreateUserController
FN:9,Object.<anonymous>.CreateUserController.handle
FNF:2
FNH:1
FNDA:1,CreateUserController
FNDA:0,Object.<anonymous>.CreateUserController.handle
DA:1,1
DA:2,1
DA:3,1
DA:4,1
DA:5,1
DA:6,1
DA:7,1
DA:8,1
DA:9,1
DA:10,0
DA:11,0
DA:12,0
DA:13,0
DA:14,0
DA:15,0
DA:16,0
DA:17,0
DA:18,1
DA:19,1
DA:20,1
LF:20
LH:12
BRDA:7,0,0,1
BRDA:7,1,0,1
BRF:2
BRH:2
end_of_record
TN:
SF:src/modules/accounts/controllers/userControllers/RefreshTokenController.ts
FN:5,RefreshTokenController
FN:7,Object.<anonymous>.RefreshTokenController.handle
FNF:2
FNH:1
FNDA:1,RefreshTokenController
FNDA:0,Object.<anonymous>.RefreshTokenController.handle
DA:1,1
DA:2,1
DA:3,1
DA:4,1
DA:5,1
DA:6,1
DA:7,1
DA:8,0
DA:9,0
DA:10,0
DA:11,0
DA:12,0
DA:13,0
DA:14,0
DA:15,0
DA:16,0
DA:17,0
DA:18,0
DA:19,1
DA:20,1
DA:21,1
LF:21
LH:10
BRDA:5,0,0,1
BRDA:5,1,0,1
BRF:2
BRH:2
end_of_record
TN:
SF:src/modules/accounts/controllers/userControllers/ResetPasswordController.ts
FN:6,ResetPasswordController
FN:8,Object.<anonymous>.ResetPasswordController.handle
FNF:2
FNH:1
FNDA:1,ResetPasswordController
FNDA:0,Object.<anonymous>.ResetPasswordController.handle
DA:1,1
DA:2,1
DA:3,1
DA:4,1
DA:5,1
DA:6,1
DA:7,1
DA:8,1
DA:9,0
DA:10,0
DA:11,0
DA:12,0
DA:13,0
DA:14,0
DA:15,0
DA:16,0
DA:17,0
DA:18,0
DA:19,0
DA:20,0
DA:21,1
DA:22,1
DA:23,1
LF:23
LH:11
BRDA:6,0,0,1
BRDA:6,1,0,1
BRF:2
BRH:2
end_of_record
TN:
SF:src/modules/accounts/controllers/userControllers/SendForgotPasswordMailController.ts
FN:6,SendForgotPasswordMailController
FN:8,Object.<anonymous>.SendForgotPasswordMailController.handle
FNF:2
FNH:1
FNDA:1,SendForgotPasswordMailController
FNDA:0,Object.<anonymous>.SendForgotPasswordMailController.handle
DA:1,1
DA:2,1
DA:3,1
DA:4,1
DA:5,1
DA:6,1
DA:7,1
DA:8,1
DA:9,0
DA:10,0
DA:11,0
DA:12,0
DA:13,0
DA:14,0
DA:15,0
DA:16,0
DA:17,1
DA:18,1
DA:19,1
DA:20,1
LF:20
LH:12
BRDA:6,0,0,1
BRDA:6,1,0,1
BRF:2
BRH:2
end_of_record
TN:
SF:src/modules/accounts/controllers/userControllers/UpdateUserAvatarController.ts
FN:6,UpdateUserAvatarController
FN:8,Object.<anonymous>.UpdateUserAvatarController.handle
FNF:2
FNH:1
FNDA:1,UpdateUserAvatarController
FNDA:0,Object.<anonymous>.UpdateUserAvatarController.handle
DA:1,1
DA:2,1
DA:3,1
DA:4,1
DA:5,1
DA:6,1
DA:7,1
DA:8,1
DA:9,0
DA:10,0
DA:11,0
DA:12,0
DA:13,0
DA:14,0
DA:15,0
DA:16,0
DA:17,0
DA:18,0
DA:19,1
DA:20,1
DA:21,1
LF:21
LH:11
BRDA:6,0,0,1
BRDA:6,1,0,1
BRF:2
BRH:2
end_of_record
TN:
SF:src/modules/accounts/services/userServices/AuthenticateUserService.ts
FN:17,AuthenticateUserService
FN:26,Object.<anonymous>.AuthenticateUserService.execute
FNF:2
FNH:2
FNDA:2,AuthenticateUserService
FNDA:2,Object.<anonymous>.AuthenticateUserService.execute
DA:1,1
DA:2,1
DA:3,1
DA:4,1
DA:5,1
DA:6,1
DA:7,1
DA:8,1
DA:9,1
DA:10,1
DA:11,1
DA:12,1
DA:13,1
DA:14,1
DA:15,1
DA:16,1
DA:17,1
DA:18,2
DA:19,2
DA:20,2
DA:21,2
DA:22,2
DA:23,2
DA:24,2
DA:25,1
DA:26,1
DA:27,2
DA:28,2
DA:29,2
DA:30,2
DA:31,2
DA:32,2
DA:33,2
DA:34,2
DA:35,2
DA:36,2
DA:37,2
DA:38,2
DA:39,2
DA:40,2
DA:41,2
DA:42,2
DA:43,2
DA:44,2
DA:45,2
DA:46,2
DA:47,2
DA:48,2
DA:49,2
DA:50,2
DA:51,2
DA:52,2
DA:53,2
DA:54,2
DA:55,2
DA:56,1
DA:57,1
DA:58,1
LF:58
LH:58
BRDA:15,0,0,1
BRDA:17,1,0,2
BRDA:26,2,0,2
BRDA:28,3,0,2
BRDA:29,4,0,0
BRDA:29,5,0,0
BRDA:32,6,0,0
BRF:7
BRH:4
end_of_record
TN:
SF:src/modules/accounts/services/userServices/CreateUserService.ts
FN:11,CreateUserService
FN:16,Object.<anonymous>.CreateUserService.execute
FNF:2
FNH:0
FNDA:0,CreateUserService
FNDA:0,Object.<anonymous>.CreateUserService.execute
DA:1,1
DA:2,1
DA:3,1
DA:4,1
DA:5,1
DA:6,1
DA:7,1
DA:8,1
DA:9,1
DA:10,1
DA:11,1
DA:12,0
DA:13,0
DA:14,0
DA:15,1
DA:16,1
DA:17,0
DA:18,0
DA:19,0
DA:20,0
DA:21,0
DA:22,0
DA:23,0
DA:24,0
DA:25,0
DA:26,0
DA:27,0
DA:28,0
DA:29,0
DA:30,0
DA:31,1
DA:32,1
DA:33,1
LF:33
LH:16
BRDA:9,0,0,1
BRF:1
BRH:1
end_of_record
TN:
SF:src/modules/accounts/services/userServices/RefreshTokenService.ts
FN:13,RefreshTokenService
FN:20,Object.<anonymous>.RefreshTokenService.execute
FNF:2
FNH:0
FNDA:0,RefreshTokenService
FNDA:0,Object.<anonymous>.RefreshTokenService.execute
DA:1,1
DA:2,1
DA:3,1
DA:4,1
DA:5,1
DA:6,1
DA:7,1
DA:8,1
DA:9,1
DA:10,1
DA:11,1
DA:12,1
DA:13,1
DA:14,0
DA:15,0
DA:16,0
DA:17,0
DA:18,0
DA:19,1
DA:20,1
DA:21,0
DA:22,0
DA:23,0
DA:24,0
DA:25,0
DA:26,0
DA:27,0
DA:28,0
DA:29,0
DA:30,0
DA:31,0
DA:32,0
DA:33,0
DA:34,0
DA:35,0
DA:36,0
DA:37,0
DA:38,0
DA:39,0
DA:40,0
DA:41,0
DA:42,1
DA:43,1
DA:44,1
LF:44
LH:18
BRDA:11,0,0,1
BRF:1
BRH:1
end_of_record
TN:
SF:src/modules/accounts/services/userServices/ResetPasswordService.ts
FN:14,ResetPasswordService
FN:23,Object.<anonymous>.ResetPasswordService.execute
FN:37,Object.<anonymous>.ResetPasswordService.verifyTokenExists
FN:45,Object.<anonymous>.ResetPasswordService.verifyTokenExpiration
FN:55,Object.<anonymous>.ResetPasswordService.changedPassword
FN:68,Object.<anonymous>.ResetPasswordService.deleteToken
FNF:6
FNH:0
FNDA:0,ResetPasswordService
FNDA:0,Object.<anonymous>.ResetPasswordService.execute
FNDA:0,Object.<anonymous>.ResetPasswordService.verifyTokenExists
FNDA:0,Object.<anonymous>.ResetPasswordService.verifyTokenExpiration
FNDA:0,Object.<anonymous>.ResetPasswordService.changedPassword
FNDA:0,Object.<anonymous>.ResetPasswordService.deleteToken
DA:1,1
DA:2,1
DA:3,1
DA:4,1
DA:5,1
DA:6,1
DA:7,1
DA:8,1
DA:9,1
DA:10,1
DA:11,1
DA:12,1
DA:13,1
DA:14,1
DA:15,0
DA:16,0
DA:17,0
DA:18,0
DA:19,0
DA:20,0
DA:21,0
DA:22,1
DA:23,1
DA:24,0
DA:25,0
DA:26,0
DA:27,0
DA:28,0
DA:29,0
DA:30,0
DA:31,0
DA:32,0
DA:33,0
DA:34,0
DA:35,0
DA:36,1
DA:37,1
DA:38,0
DA:39,0
DA:40,0
DA:41,0
DA:42,0
DA:43,0
DA:44,1
DA:45,1
DA:46,0
DA:47,0
DA:48,0
DA:49,0
DA:50,0
DA:51,0
DA:52,0
DA:53,0
DA:54,1
DA:55,1
DA:56,0
DA:57,0
DA:58,0
DA:59,0
DA:60,0
DA:61,0
DA:62,0
DA:63,0
DA:64,0
DA:65,0
DA:66,0
DA:67,1
DA:68,1
DA:69,0
DA:70,0
DA:71,0
DA:72,1
DA:73,1
DA:74,1
LF:74
LH:27
BRDA:12,0,0,1
BRF:1
BRH:1
end_of_record
TN:
SF:src/modules/accounts/services/userServices/SendForgotPasswordMailService.ts
FN:16,SendForgotPasswordMailService
FN:27,Object.<anonymous>.SendForgotPasswordMailService.execute
FN:37,Object.<anonymous>.SendForgotPasswordMailService.verifyUserExists
FN:45,Object.<anonymous>.SendForgotPasswordMailService.getToken
FN:57,Object.<anonymous>.SendForgotPasswordMailService.getEmailVariables
FN:65,Object.<anonymous>.SendForgotPasswordMailService.getEmailContent
FNF:6
FNH:6
FNDA:1,SendForgotPasswordMailService
FNDA:4,Object.<anonymous>.SendForgotPasswordMailService.execute
FNDA:4,Object.<anonymous>.SendForgotPasswordMailService.verifyUserExists
FNDA:2,Object.<anonymous>.SendForgotPasswordMailService.getToken
FNDA:2,Object.<anonymous>.SendForgotPasswordMailService.getEmailVariables
FNDA:2,Object.<anonymous>.SendForgotPasswordMailService.getEmailContent
DA:1,1
DA:2,1
DA:3,1
DA:4,1
DA:5,1
DA:6,1
DA:7,1
DA:8,1
DA:9,1
DA:10,1
DA:11,1
DA:12,1
DA:13,1
DA:14,1
DA:15,1
DA:16,1
DA:17,1
DA:18,1
DA:19,1
DA:20,1
DA:21,1
DA:22,1
DA:23,1
DA:24,1
DA:25,1
DA:26,1
DA:27,1
DA:28,4
DA:29,4
DA:30,4
DA:31,4
DA:32,4
DA:33,4
DA:34,4
DA:35,4
DA:36,1
DA:37,1
DA:38,4
DA:39,4
DA:40,4
DA:41,2
DA:42,2
DA:43,4
DA:44,1
DA:45,1
DA:46,2
DA:47,2
DA:48,2
DA:49,2
DA:50,2
DA:51,2
DA:52,2
DA:53,2
DA:54,2
DA:55,2
DA:56,1
DA:57,1
DA:58,2
DA:59,2
DA:60,2
DA:61,2
DA:62,2
DA:63,2
DA:64,1
DA:65,1
DA:66,2
DA:67,2
DA:68,2
DA:69,2
DA:70,2
DA:71,2
DA:72,2
DA:73,2
DA:74,2
DA:75,2
DA:76,1
DA:77,1
DA:78,1
LF:78
LH:78
BRDA:14,0,0,1
BRDA:16,1,0,1
BRDA:27,2,0,4
BRDA:29,3,0,4
BRDA:37,4,0,4
BRDA:39,5,0,4
BRDA:40,6,0,2
BRDA:45,7,0,2
BRDA:57,8,0,2
BRDA:65,9,0,2
BRF:10
BRH:10
end_of_record
TN:
SF:src/modules/accounts/services/userServices/UpdateUserAvatarService.ts
FN:10,UpdateUserAvatarService
FN:15,Object.<anonymous>.UpdateUserAvatarService.deleteOldAvatar
FN:23,Object.<anonymous>.UpdateUserAvatarService.execute
FNF:3
FNH:0
FNDA:0,UpdateUserAvatarService
FNDA:0,Object.<anonymous>.UpdateUserAvatarService.deleteOldAvatar
FNDA:0,Object.<anonymous>.UpdateUserAvatarService.execute
DA:1,1
DA:2,1
DA:3,1
DA:4,1
DA:5,1
DA:6,1
DA:7,1
DA:8,1
DA:9,1
DA:10,1
DA:11,0
DA:12,0
DA:13,0
DA:14,1
DA:15,1
DA:16,0
DA:17,0
DA:18,0
DA:19,0
DA:20,0
DA:21,0
DA:22,1
DA:23,1
DA:24,0
DA:25,0
DA:26,0
DA:27,0
DA:28,0
DA:29,0
DA:30,0
DA:31,0
DA:32,1
DA:33,1
DA:34,1
LF:34
LH:17
BRDA:8,0,0,1
BRF:1
BRH:1
end_of_record
TN:
SF:src/modules/cars/controllers/carControllers/CreateCarController.ts
FN:5,CreateCarController
FN:7,Object.<anonymous>.CreateCarController.handle
FNF:2
FNH:1
FNDA:1,CreateCarController
FNDA:0,Object.<anonymous>.CreateCarController.handle
DA:1,1
DA:2,1
DA:3,1
DA:4,1
DA:5,1
DA:6,1
DA:7,1
DA:8,0
DA:9,0
DA:10,0
DA:11,0
DA:12,0
DA:13,0
DA:14,0
DA:15,0
DA:16,0
DA:17,0
DA:18,0
DA:19,0
DA:20,0
DA:21,0
DA:22,0
DA:23,0
DA:24,0
DA:25,0
DA:26,0
DA:27,0
DA:28,0
DA:29,0
DA:30,0
DA:31,0
DA:32,0
DA:33,0
DA:34,1
DA:35,1
DA:36,1
LF:36
LH:10
BRDA:5,0,0,1
BRDA:5,1,0,1
BRF:2
BRH:2
end_of_record
TN:
SF:src/modules/cars/controllers/carControllers/CreateCarSpecificationController.ts
FN:6,CreateCarSpecificationController
FN:8,Object.<anonymous>.CreateCarSpecificationController.handle
FNF:2
FNH:1
FNDA:1,CreateCarSpecificationController
FNDA:0,Object.<anonymous>.CreateCarSpecificationController.handle
DA:1,1
DA:2,1
DA:3,1
DA:4,1
DA:5,1
DA:6,1
DA:7,1
DA:8,1
DA:9,0
DA:10,0
DA:11,0
DA:12,0
DA:13,0
DA:14,0
DA:15,0
DA:16,0
DA:17,0
DA:18,1
DA:19,1
DA:20,1
LF:20
LH:11
BRDA:6,0,0,1
BRDA:6,1,0,1
BRF:2
BRH:2
end_of_record
TN:
SF:src/modules/cars/controllers/carControllers/ListAvailableCarController.ts
FN:7,ListAvailableCarController
FN:9,Object.<anonymous>.ListAvailableCarController.handle
FNF:2
FNH:1
FNDA:1,ListAvailableCarController
FNDA:0,Object.<anonymous>.ListAvailableCarController.handle
DA:1,1
DA:2,1
DA:3,1
DA:4,1
DA:5,1
DA:6,1
DA:7,1
DA:8,1
DA:9,1
DA:10,0
DA:11,0
DA:12,0
DA:13,0
DA:14,0
DA:15,0
DA:16,0
DA:17,0
DA:18,0
DA:19,0
DA:20,0
DA:21,0
DA:22,0
DA:23,0
DA:24,0
DA:25,0
DA:26,0
DA:27,1
DA:28,1
DA:29,1
LF:29
LH:12
BRDA:7,0,0,1
BRDA:7,1,0,1
BRF:2
BRH:2
end_of_record
TN:
SF:src/modules/cars/controllers/carImageControllers/UploadCarImageController.ts
FN:6,UploadCarImageController
FN:8,Object.<anonymous>.UploadCarImageController.handle
FNF:2
FNH:1
FNDA:1,UploadCarImageController
FNDA:0,Object.<anonymous>.UploadCarImageController.handle
DA:1,1
DA:2,1
DA:3,1
DA:4,1
DA:5,1
DA:6,1
DA:7,1
DA:8,1
DA:9,0
DA:10,0
DA:11,0
DA:12,0
DA:13,0
DA:14,0
DA:15,0
DA:16,0
DA:17,0
DA:18,0
DA:19,0
DA:20,0
DA:21,1
DA:22,1
DA:23,1
LF:23
LH:11
BRDA:6,0,0,1
BRDA:6,1,0,1
BRF:2
BRH:2
end_of_record
TN:
SF:src/modules/cars/controllers/categoryControllers/CreateCategoryController.ts
FN:5,CreateCategoryController
FN:7,Object.<anonymous>.CreateCategoryController.handle
FNF:2
FNH:2
FNDA:1,CreateCategoryController
FNDA:2,Object.<anonymous>.CreateCategoryController.handle
DA:1,1
DA:2,1
DA:3,1
DA:4,1
DA:5,1
DA:6,1
DA:7,1
DA:8,2
DA:9,2
DA:10,2
DA:11,2
DA:12,2
DA:13,2
DA:14,2
DA:15,1
DA:16,1
DA:17,1
LF:17
LH:17
BRDA:5,0,0,1
BRDA:5,1,0,1
BRDA:7,2,0,2
BRF:3
BRH:3
end_of_record
TN:
SF:src/modules/cars/controllers/categoryControllers/ImportCategoryController.ts
FN:6,ImportCategoryController
FN:8,Object.<anonymous>.ImportCategoryController.handle
FNF:2
FNH:1
FNDA:1,ImportCategoryController
FNDA:0,Object.<anonymous>.ImportCategoryController.handle
DA:1,1
DA:2,1
DA:3,1
DA:4,1
DA:5,1
DA:6,1
DA:7,1
DA:8,1
DA:9,0
DA:10,0
DA:11,0
DA:12,0
DA:13,0
DA:14,0
DA:15,0
DA:16,1
DA:17,1
DA:18,1
LF:18
LH:11
BRDA:6,0,0,1
BRDA:6,1,0,1
BRF:2
BRH:2
end_of_record
TN:
SF:src/modules/cars/controllers/categoryControllers/ListCategoryController.ts
FN:6,ListCategoryController
FN:8,Object.<anonymous>.ListCategoryController.handle
FNF:2
FNH:2
FNDA:1,ListCategoryController
FNDA:1,Object.<anonymous>.ListCategoryController.handle
DA:1,1
DA:2,1
DA:3,1
DA:4,1
DA:5,1
DA:6,1
DA:7,1
DA:8,1
DA:9,1
DA:10,1
DA:11,1
DA:12,1
DA:13,1
DA:14,1
DA:15,1
DA:16,1
DA:17,1
DA:18,1
LF:18
LH:18
BRDA:6,0,0,1
BRDA:6,1,0,1
BRDA:8,2,0,1
BRF:3
BRH:3
end_of_record
TN:
SF:src/modules/cars/controllers/specificationControllers/CreateSpecificationController.ts
FN:6,CreateSpecificationController
FN:8,Object.<anonymous>.CreateSpecificationController.handle
FNF:2
FNH:1
FNDA:1,CreateSpecificationController
FNDA:0,Object.<anonymous>.CreateSpecificationController.handle
DA:1,1
DA:2,1
DA:3,1
DA:4,1
DA:5,1
DA:6,1
DA:7,1
DA:8,1
DA:9,0
DA:10,0
DA:11,0
DA:12,0
DA:13,0
DA:14,0
DA:15,0
DA:16,1
DA:17,1
DA:18,1
LF:18
LH:11
BRDA:6,0,0,1
BRDA:6,1,0,1
BRF:2
BRH:2
end_of_record
TN:
SF:src/modules/cars/controllers/specificationControllers/ListSpecificationController.ts
FN:6,ListSpecificationController
FN:8,Object.<anonymous>.ListSpecificationController.handle
FNF:2
FNH:1
FNDA:1,ListSpecificationController
FNDA:0,Object.<anonymous>.ListSpecificationController.handle
DA:1,1
DA:2,1
DA:3,1
DA:4,1
DA:5,1
DA:6,1
DA:7,1
DA:8,1
DA:9,0
DA:10,0
DA:11,0
DA:12,0
DA:13,0
DA:14,0
DA:15,0
DA:16,1
DA:17,1
DA:18,1
LF:18
LH:11
BRDA:6,0,0,1
BRDA:6,1,0,1
BRF:2
BRH:2
end_of_record
TN:
SF:src/modules/cars/services/carImageServices/UploadCarImageService.ts
FN:12,UploadCarImageService
FN:19,Object.<anonymous>.UploadCarImageService.execute
FNF:2
FNH:0
FNDA:0,UploadCarImageService
FNDA:0,Object.<anonymous>.UploadCarImageService.execute
DA:1,1
DA:2,1
DA:3,1
DA:4,1
DA:5,1
DA:6,1
DA:7,1
DA:8,1
DA:9,1
DA:10,1
DA:11,1
DA:12,1
DA:13,0
DA:14,0
DA:15,0
DA:16,0
DA:17,0
DA:18,1
DA:19,1
DA:20,0
DA:21,0
DA:22,0
DA:23,0
DA:24,0
DA:25,0
DA:26,0
DA:27,0
DA:28,0
DA:29,0
DA:30,0
DA:31,0
DA:32,0
DA:33,0
DA:34,0
DA:35,0
DA:36,0
DA:37,1
DA:38,1
DA:39,1
LF:39
LH:17
BRDA:10,0,0,1
BRF:1
BRH:1
end_of_record
TN:
SF:src/modules/cars/services/carServices/CreateCarService.ts
FN:12,CreateCarService
FN:17,Object.<anonymous>.CreateCarService.execute
FNF:2
FNH:2
FNDA:1,CreateCarService
FNDA:5,Object.<anonymous>.CreateCarService.execute
DA:1,1
DA:2,1
DA:3,1
DA:4,1
DA:5,1
DA:6,1
DA:7,1
DA:8,1
DA:9,1
DA:10,1
DA:11,1
DA:12,1
DA:13,1
DA:14,1
DA:15,1
DA:16,1
DA:17,1
DA:18,5
DA:19,5
DA:20,5
DA:21,5
DA:22,5
DA:23,5
DA:24,5
DA:25,5
DA:26,5
DA:27,5
DA:28,5
DA:29,5
DA:30,5
DA:31,5
DA:32,5
DA:33,5
DA:34,5
DA:35,5
DA:36,1
DA:37,1
DA:38,1
DA:39,5
DA:40,5
DA:41,5
DA:42,5
DA:43,5
DA:44,5
DA:45,5
DA:46,5
DA:47,5
DA:48,5
DA:49,5
DA:50,5
DA:51,5
DA:52,5
DA:53,5
DA:54,1
DA:55,1
DA:56,1
LF:56
LH:56
BRDA:10,0,0,1
BRDA:12,1,0,1
BRDA:17,2,0,5
BRDA:35,3,0,2
BRDA:36,4,0,1
BRDA:39,5,0,0
BRDA:39,6,0,1
BRF:7
BRH:6
end_of_record
TN:
SF:src/modules/cars/services/carServices/CreateCarSpecificationService.ts
FN:12,CreateCarSpecificationService
FN:17,Object.<anonymous>.CreateCarSpecificationService.execute
FNF:2
FNH:2
FNDA:1,CreateCarSpecificationService
FNDA:7,Object.<anonymous>.CreateCarSpecificationService.execute
DA:1,1
DA:2,1
DA:3,1
DA:4,1
DA:5,1
DA:6,1
DA:7,1
DA:8,1
DA:9,1
DA:10,1
DA:11,1
DA:12,1
DA:13,1
DA:14,1
DA:15,1
DA:16,1
DA:17,1
DA:18,7
DA:19,7
DA:20,7
DA:21,5
DA:22,5
DA:23,7
DA:24,5
DA:25,5
DA:26,5
DA:27,5
DA:28,5
DA:29,5
DA:30,5
DA:31,7
DA:32,3
DA:33,3
DA:34,3
DA:35,7
DA:36,7
DA:37,7
DA:38,1
DA:39,1
DA:40,7
DA:41,1
DA:42,1
DA:43,1
LF:43
LH:43
BRDA:10,0,0,1
BRDA:12,1,0,1
BRDA:17,2,0,7
BRDA:19,3,0,7
BRDA:20,4,0,2
BRDA:21,5,0,5
BRDA:23,6,0,0
BRDA:24,7,0,5
BRDA:31,8,0,2
BRDA:32,9,0,3
BRDA:37,10,0,2
BRDA:38,11,0,1
BRDA:39,12,0,1
BRDA:26,13,0,2
BRF:14
BRH:13
end_of_record
TN:
SF:src/modules/cars/services/carServices/ListAvailableCarService.ts
FN:11,ListAvailableCarService
FN:16,Object.<anonymous>.ListAvailableCarService.execute
FNF:2
FNH:2
FNDA:1,ListAvailableCarService
FNDA:4,Object.<anonymous>.ListAvailableCarService.execute
DA:1,1
DA:2,1
DA:3,1
DA:4,1
DA:5,1
DA:6,1
DA:7,1
DA:8,1
DA:9,1
DA:10,1
DA:11,1
DA:12,1
DA:13,1
DA:14,1
DA:15,1
DA:16,1
DA:17,4
DA:18,4
DA:19,4
DA:20,4
DA:21,4
DA:22,4
DA:23,1
DA:24,1
DA:25,1
LF:25
LH:25
BRDA:9,0,0,1
BRDA:11,1,0,1
BRDA:16,2,0,4
BRDA:18,3,0,4
BRDA:19,4,0,0
BRF:5
BRH:4
end_of_record
TN:
SF:src/modules/cars/services/categoryServices/CreateCategoryService.ts
FN:10,CreateCategoryServices
FN:15,Object.<anonymous>.CreateCategoryServices.execute
FNF:2
FNH:2
FNDA:2,CreateCategoryServices
FNDA:2,Object.<anonymous>.CreateCategoryServices.execute
DA:1,1
DA:2,1
DA:3,1
DA:4,1
DA:5,1
DA:6,1
DA:7,1
DA:8,1
DA:9,1
DA:10,1
DA:11,2
DA:12,2
DA:13,2
DA:14,1
DA:15,1
DA:16,2
DA:17,2
DA:18,2
DA:19,1
DA:20,1
DA:21,2
DA:22,1
DA:23,1
DA:24,1
LF:24
LH:24
BRDA:8,0,0,1
BRDA:10,1,0,2
BRDA:15,2,0,2
BRDA:17,3,0,2
BRDA:18,4,0,1
BRF:5
BRH:5
end_of_record
TN:
SF:src/modules/cars/services/categoryServices/FindCategoryService.ts
FN:10,FindCategoryService
FN:15,Object.<anonymous>.FindCategoryService.execute
FNF:2
FNH:2
FNDA:5,FindCategoryService
FNDA:5,Object.<anonymous>.FindCategoryService.execute
DA:1,1
DA:2,1
DA:3,1
DA:4,1
DA:5,1
DA:6,1
DA:7,1
DA:8,1
DA:9,1
DA:10,1
DA:11,5
DA:12,5
DA:13,5
DA:14,1
DA:15,1
DA:16,5
DA:17,5
DA:18,5
DA:19,5
DA:20,3
DA:21,3
DA:22,5
DA:23,1
DA:24,1
DA:25,1
LF:25
LH:25
BRDA:8,0,0,1
BRDA:10,1,0,5
BRDA:15,2,0,5
BRDA:17,3,0,5
BRDA:19,4,0,2
BRDA:20,5,0,3
BRF:6
BRH:6
end_of_record
TN:
SF:src/modules/cars/services/categoryServices/ImportCategoryService.ts
FN:13,ImportCategoryService
FN:18,Object.<anonymous>.ImportCategoryService.loadCategories
FN:41,Object.<anonymous>.ImportCategoryService.deleteTempFile
FN:47,Object.<anonymous>.ImportCategoryService.execute
FNF:4
FNH:0
FNDA:0,ImportCategoryService
FNDA:0,Object.<anonymous>.ImportCategoryService.loadCategories
FNDA:0,Object.<anonymous>.ImportCategoryService.deleteTempFile
FNDA:0,Object.<anonymous>.ImportCategoryService.execute
DA:1,1
DA:2,1
DA:3,1
DA:4,1
DA:5,1
DA:6,1
DA:7,1
DA:8,1
DA:9,1
DA:10,1
DA:11,1
DA:12,1
DA:13,1
DA:14,0
DA:15,0
DA:16,0
DA:17,1
DA:18,1
DA:19,0
DA:20,0
DA:21,0
DA:22,0
DA:23,0
DA:24,0
DA:25,0
DA:26,0
DA:27,0
DA:28,0
DA:29,0
DA:30,0
DA:31,0
DA:32,0
DA:33,0
DA:34,0
DA:35,0
DA:36,0
DA:37,0
DA:38,0
DA:39,0
DA:40,1
DA:41,1
DA:42,0
DA:43,0
DA:44,0
DA:45,0
DA:46,1
DA:47,1
DA:48,0
DA:49,0
DA:50,0
DA:51,0
DA:52,0
DA:53,0
DA:54,0
DA:55,0
DA:56,0
DA:57,0
DA:58,0
DA:59,0
DA:60,1
DA:61,1
DA:62,1
LF:62
LH:22
BRDA:11,0,0,1
BRF:1
BRH:1
end_of_record
TN:
SF:src/modules/cars/services/categoryServices/ListCategoryService.ts
FN:9,ListCategoryService
FN:14,Object.<anonymous>.ListCategoryService.execute
FNF:2
FNH:2
FNDA:1,ListCategoryService
FNDA:1,Object.<anonymous>.ListCategoryService.execute
DA:1,1
DA:2,1
DA:3,1
DA:4,1
DA:5,1
DA:6,1
DA:7,1
DA:8,1
DA:9,1
DA:10,1
DA:11,1
DA:12,1
DA:13,1
DA:14,1
DA:15,1
DA:16,1
DA:17,1
DA:18,1
DA:19,1
DA:20,1
LF:20
LH:20
BRDA:7,0,0,1
BRDA:9,1,0,1
BRDA:14,2,0,1
BRDA:16,3,0,1
BRDA:16,4,0,1
BRF:5
BRH:5
end_of_record
TN:
SF:src/modules/cars/services/specificationServices/CreateSpecificationService.ts
FN:10,CreateSpecificationServices
FN:15,Object.<anonymous>.CreateSpecificationServices.execute
FNF:2
FNH:0
FNDA:0,CreateSpecificationServices
FNDA:0,Object.<anonymous>.CreateSpecificationServices.execute
DA:1,1
DA:2,1
DA:3,1
DA:4,1
DA:5,1
DA:6,1
DA:7,1
DA:8,1
DA:9,1
DA:10,1
DA:11,0
DA:12,0
DA:13,0
DA:14,1
DA:15,1
DA:16,0
DA:17,0
DA:18,0
DA:19,0
DA:20,0
DA:21,0
DA:22,0
DA:23,0
DA:24,1
DA:25,1
DA:26,1
DA:27,1
LF:27
LH:16
BRDA:8,0,0,1
BRF:1
BRH:1
end_of_record
TN:
SF:src/modules/cars/services/specificationServices/ListSpecificationByIdService.ts
FN:9,ListSpecificationByIdService
FN:14,Object.<anonymous>.ListSpecificationByIdService.execute
FNF:2
FNH:2
FNDA:1,ListSpecificationByIdService
FNDA:1,Object.<anonymous>.ListSpecificationByIdService.execute
DA:1,1
DA:2,1
DA:3,1
DA:4,1
DA:5,1
DA:6,1
DA:7,1
DA:8,1
DA:9,1
DA:10,1
DA:11,1
DA:12,1
DA:13,1
DA:14,1
DA:15,1
DA:16,1
DA:17,1
DA:18,1
DA:19,1
DA:20,1
LF:20
LH:20
BRDA:7,0,0,1
BRDA:9,1,0,1
BRDA:14,2,0,1
BRF:3
BRH:3
end_of_record
TN:
SF:src/modules/cars/services/specificationServices/ListSpecificationService.ts
FN:9,ListSpecificationService
FN:14,Object.<anonymous>.ListSpecificationService.execute
FNF:2
FNH:0
FNDA:0,ListSpecificationService
FNDA:0,Object.<anonymous>.ListSpecificationService.execute
DA:1,1
DA:2,1
DA:3,1
DA:4,1
DA:5,1
DA:6,1
DA:7,1
DA:8,1
DA:9,1
DA:10,0
DA:11,0
DA:12,0
DA:13,1
DA:14,1
DA:15,0
DA:16,0
DA:17,0
DA:18,1
DA:19,1
DA:20,1
LF:20
LH:14
BRDA:7,0,0,1
BRF:1
BRH:1
end_of_record
TN:
SF:src/modules/rentals/controllers/rentalControllers/CreateRentalController.ts
FN:6,CreateRentalController
FN:8,Object.<anonymous>.CreateRentalController.handle
FNF:2
FNH:1
FNDA:1,CreateRentalController
FNDA:0,Object.<anonymous>.CreateRentalController.handle
DA:1,1
DA:2,1
DA:3,1
DA:4,1
DA:5,1
DA:6,1
DA:7,1
DA:8,1
DA:9,0
DA:10,0
DA:11,0
DA:12,0
DA:13,0
DA:14,0
DA:15,0
DA:16,0
DA:17,0
DA:18,0
DA:19,0
DA:20,0
DA:21,0
DA:22,1
DA:23,1
DA:24,1
LF:24
LH:11
BRDA:6,0,0,1
BRDA:6,1,0,1
BRF:2
BRH:2
end_of_record
TN:
SF:src/modules/rentals/controllers/rentalControllers/DevolutionRentalController.ts
FN:6,DevolutionRentalController
FN:8,Object.<anonymous>.DevolutionRentalController.handle
FNF:2
FNH:1
FNDA:1,DevolutionRentalController
FNDA:0,Object.<anonymous>.DevolutionRentalController.handle
DA:1,1
DA:2,1
DA:3,1
DA:4,1
DA:5,1
DA:6,1
DA:7,1
DA:8,1
DA:9,0
DA:10,0
DA:11,0
DA:12,0
DA:13,0
DA:14,0
DA:15,0
DA:16,0
DA:17,1
DA:18,1
DA:19,1
LF:19
LH:11
BRDA:6,0,0,1
BRDA:6,1,0,1
BRF:2
BRH:2
end_of_record
TN:
SF:src/modules/rentals/controllers/rentalControllers/ListRentalByUserConroller.ts
FN:6,ListRentalByUserController
FN:8,Object.<anonymous>.ListRentalByUserController.handle
FNF:2
FNH:1
FNDA:1,ListRentalByUserController
FNDA:0,Object.<anonymous>.ListRentalByUserController.handle
DA:1,1
DA:2,1
DA:3,1
DA:4,1
DA:5,1
DA:6,1
DA:7,1
DA:8,1
DA:9,0
DA:10,0
DA:11,0
DA:12,0
DA:13,0
DA:14,0
DA:15,0
DA:16,0
DA:17,1
DA:18,1
DA:19,1
LF:19
LH:11
BRDA:6,0,0,1
BRDA:6,1,0,1
BRF:2
BRH:2
end_of_record
TN:
SF:src/modules/rentals/services/rentalServices/CreateRentalService.ts
FN:16,CreateRentalService
FN:25,Object.<anonymous>.CreateRentalService.execute
FN:51,Object.<anonymous>.CreateRentalService.verifyUserAndCarAvailability
FN:62,Object.<anonymous>.CreateRentalService.verifyRentalDuration
FN:78,Object.<anonymous>.CreateRentalService.formatDate
FNF:5
FNH:5
FNDA:1,CreateRentalService
FNDA:7,Object.<anonymous>.CreateRentalService.execute
FNDA:7,Object.<anonymous>.CreateRentalService.verifyUserAndCarAvailability
FNDA:3,Object.<anonymous>.CreateRentalService.verifyRentalDuration
FNDA:1,Object.<anonymous>.CreateRentalService.formatDate
DA:1,1
DA:2,1
DA:3,1
DA:4,1
DA:5,1
DA:6,1
DA:7,1
DA:8,1
DA:9,1
DA:10,1
DA:11,1
DA:12,1
DA:13,1
DA:14,1
DA:15,1
DA:16,1
DA:17,1
DA:18,1
DA:19,1
DA:20,1
DA:21,1
DA:22,1
DA:23,1
DA:24,1
DA:25,1
DA:26,7
DA:27,7
DA:28,7
DA:29,7
DA:30,7
DA:31,7
DA:32,7
DA:33,7
DA:34,7
DA:35,7
DA:36,7
DA:37,7
DA:38,7
DA:39,7
DA:40,7
DA:41,7
DA:42,7
DA:43,7
DA:44,7
DA:45,7
DA:46,7
DA:47,7
DA:48,7
DA:49,7
DA:50,1
DA:51,1
DA:52,7
DA:53,7
DA:54,7
DA:55,7
DA:56,7
DA:57,7
DA:58,7
DA:59,7
DA:60,7
DA:61,1
DA:62,1
DA:63,3
DA:64,3
DA:65,3
DA:66,3
DA:67,3
DA:68,3
DA:69,3
DA:70,3
DA:71,3
DA:72,3
DA:73,3
DA:74,3
DA:75,3
DA:76,3
DA:77,1
DA:78,1
DA:79,1
DA:80,1
DA:81,1
DA:82,1
DA:83,1
DA:84,1
DA:85,1
DA:86,1
DA:87,1
DA:88,1
DA:89,1
DA:90,1
LF:90
LH:90
BRDA:14,0,0,1
BRDA:16,1,0,1
BRDA:25,2,0,7
BRDA:30,3,0,7
BRDA:31,4,0,0
BRDA:51,5,0,7
BRDA:53,6,0,7
BRDA:58,7,0,2
BRDA:59,8,0,5
BRDA:59,9,0,2
BRDA:62,10,0,3
BRDA:75,11,0,2
BRDA:78,12,0,1
BRF:13
BRH:12
end_of_record
TN:
SF:src/modules/rentals/services/rentalServices/DevolutionRentalService.ts
FN:14,DevolutionRentalService
FN:23,Object.<anonymous>.DevolutionRentalService.execute
FN:48,Object.<anonymous>.DevolutionRentalService.calculateTotalPayment
FN:59,Object.<anonymous>.DevolutionRentalService.calculateDaily
FN:70,Object.<anonymous>.DevolutionRentalService.calculateFineForDelay
FNF:5
FNH:5
FNDA:1,DevolutionRentalService
FNDA:3,Object.<anonymous>.DevolutionRentalService.execute
FNDA:1,Object.<anonymous>.DevolutionRentalService.calculateTotalPayment
FNDA:1,Object.<anonymous>.DevolutionRentalService.calculateDaily
FNDA:1,Object.<anonymous>.DevolutionRentalService.calculateFineForDelay
DA:1,1
DA:2,1
DA:3,1
DA:4,1
DA:5,1
DA:6,1
DA:7,1
DA:8,1
DA:9,1
DA:10,1
DA:11,1
DA:12,1
DA:13,1
DA:14,1
DA:15,1
DA:16,1
DA:17,1
DA:18,1
DA:19,1
DA:20,1
DA:21,1
DA:22,1
DA:23,1
DA:24,3
DA:25,3
DA:26,3
DA:27,3
DA:28,3
DA:29,1
DA:30,1
DA:31,3
DA:32,3
DA:33,3
DA:34,3
DA:35,3
DA:36,3
DA:37,3
DA:38,3
DA:39,3
DA:40,3
DA:41,3
DA:42,3
DA:43,3
DA:44,3
DA:45,3
DA:46,3
DA:47,1
DA:48,1
DA:49,1
DA:50,1
DA:51,1
DA:52,1
DA:53,1
DA:54,1
DA:55,1
DA:56,1
DA:57,1
DA:58,1
DA:59,1
DA:60,1
DA:61,1
DA:62,1
DA:63,1
DA:64,1
DA:65,1
DA:66,1
DA:67,1
DA:68,1
DA:69,1
DA:70,1
DA:71,1
DA:72,1
DA:73,1
DA:74,1
DA:75,1
DA:76,1
DA:77,1
DA:78,1
DA:79,1
DA:80,1
DA:81,1
DA:82,1
DA:83,1
DA:84,1
LF:84
LH:84
BRDA:12,0,0,1
BRDA:14,1,0,1
BRDA:23,2,0,3
BRDA:25,3,0,3
BRDA:28,4,0,2
BRDA:29,5,0,1
BRDA:48,6,0,1
BRDA:59,7,0,1
BRDA:70,8,0,1
BRDA:79,9,0,0
BRF:10
BRH:9
end_of_record
TN:
SF:src/modules/rentals/services/rentalServices/ListRentalByUserService.ts
FN:9,ListRentalByUserService
FN:14,Object.<anonymous>.ListRentalByUserService.execute
FNF:2
FNH:2
FNDA:1,ListRentalByUserService
FNDA:1,Object.<anonymous>.ListRentalByUserService.execute
DA:1,1
DA:2,1
DA:3,1
DA:4,1
DA:5,1
DA:6,1
DA:7,1
DA:8,1
DA:9,1
DA:10,1
DA:11,1
DA:12,1
DA:13,1
DA:14,1
DA:15,1
DA:16,1
DA:17,1
DA:18,1
DA:19,1
DA:20,1
LF:20
LH:20
BRDA:7,0,0,1
BRDA:9,1,0,1
BRDA:14,2,0,1
BRF:3
BRH:3
end_of_record
